<?xml version="1.0" encoding="UTF-8"?>
<!-- Generated by org.testng.reporters.JUnitXMLReporter -->
<testsuite ignored="0" hostname="Yuvi" failures="0" tests="7" name="Default test" time="21.155" errors="0" timestamp="2022-07-08T09:53:15 IST">
  <testcase classname="com.filpkart.testscenarios.PlaceOrder" name="logoutTest" time="0.01"/>
  <testcase classname="com.filpkart.testscenarios.PlaceOrder" name="makePayment" time="0.003"/>
  <testcase classname="com.filpkart.testscenarios.PlaceOrder" name="placeOrderTest" time="0.001"/>
  <testcase classname="com.filpkart.testscenarios.PlaceOrder" name="loginTest" time="8.069"/>
  <testcase classname="com.filpkart.testscenarios.PlaceOrder" name="seachProductTest" time="3.084"/>
  <testcase classname="com.filpkart.testscenarios.PlaceOrder" name="selectProductTest" time="1.304"/>
  <testcase classname="com.filpkart.testscenarios.PlaceOrder" name="addToCartTest" time="4.183"/>
</testsuite> <!-- Default test -->
